Case #1: 1 0
Case #2: 1 0
Case #3: 1 1
Case #4: 0 0
Case #5: 500 499
Case #6: 1 0
Case #7: 3 2
Case #8: 0 0
Case #9: 0 0
Case #10: 1 1
Case #11: 1 0
Case #12: 0 0
Case #13: 0 0
Case #14: 0 0
Case #15: 3 3
Case #16: 0 0
Case #17: 250 249
Case #18: 0 0
Case #19: 0 0
Case #20: 1 0
Case #21: 7 6
Case #22: 1 0
Case #23: 125 124
Case #24: 1 0
Case #25: 2 1
Case #26: 0 0
Case #27: 0 0
Case #28: 0 0
Case #29: 1 0
Case #30: 0 0
Case #31: 0 0
Case #32: 3 2
Case #33: 0 0
Case #34: 1 1
Case #35: 3 3
Case #36: 0 0
Case #37: 0 0
Case #38: 250 249
Case #39: 1 1
Case #40: 0 0
Case #41: 1 0
Case #42: 0 0
Case #43: 0 0
Case #44: 1 1
Case #45: 1 1
Case #46: 1 0
Case #47: 0 0
Case #48: 0 0
Case #49: 1 0
Case #50: 0 0
Case #51: 0 0
Case #52: 499 499
Case #53: 1 0
Case #54: 0 0
Case #55: 0 0
Case #56: 1 0
Case #57: 0 0
Case #58: 0 0
Case #59: 0 0
Case #60: 1 1
Case #61: 3 2
Case #62: 0 0
Case #63: 0 0
Case #64: 0 0
Case #65: 1 1
Case #66: 0 0
Case #67: 1 0
Case #68: 0 0
Case #69: 0 0
Case #70: 0 0
Case #71: 0 0
Case #72: 0 0
Case #73: 3 3
Case #74: 1 1
Case #75: 249 249
Case #76: 0 0
Case #77: 0 0
Case #78: 1 0
Case #79: 3 3
Case #80: 0 0
Case #81: 0 0
Case #82: 0 0
Case #83: 2 2
Case #84: 3 2
Case #85: 0 0
Case #86: 0 0
Case #87: 1 0
Case #88: 1 1
Case #89: 0 0
Case #90: 1 0
Case #91: 0 0
Case #92: 0 0
Case #93: 0 0
Case #94: 0 0
Case #95: 0 0
Case #96: 7 6
Case #97: 1 0
Case #98: 1 0
Case #99: 1 1
Case #100: 0 0
