Case #1:
1000000000000001 3 7 5 3 7 11 3 5 7
1000000000010011 3 7 5 3 7 17 3 5 7
1000000000011011 5 1567 15559 6197 5 5 1031 7 83
1000000000101011 3 7 13 3 5 43 3 73 7
1000000000111011 17 41 3 29 73 3 17 17 3
1000000001000011 3 5 5 3 7 5 3 5 11
1000000001001111 3 11 3 3 7 3 3 5 3
1000000001010111 5 5 3 13 37 3 5 41 3
1000000001011101 17 41 3 313 1297 3 11 17 3
1000000001011111 59 113 7 157 19 1399 7 43 107
1000000001100111 3 149 3 3 7 3 3 5 3
1000000001101011 5 5 3 13 37 3 5 41 3
1000000001101101 3 7 3 3 7 3 3 5 3
1000000001110011 3 863 3 3 7 3 3 5 3
1000000001110101 5 5 3 13 37 3 5 37 3
1000000010100011 3 1259 421 3 5 8893 3 67 17
1000000010101001 3 5 13 3 5 43 3 73 7
1000000010111011 3 7 13 3 31 5 3 73 7
1000000011000111 3 61 3 3 7 3 3 5 3
1000000011001101 3 5 3 3 7 3 3 5 3
1000000011011001 3 7 3 3 7 3 3 5 3
1000000011100011 5 5 3 7 37 3 5 41 3
1000000011110001 3 17 3 3 7 3 3 5 3
1000000100000011 3 181 5 3 7 67 3 5 11
1000000100010111 7 13 3 31 11 3 73 7 3
1000000100100001 3 7 5 3 7 43 3 5 7
1000000100100011 13 5 19 61 5 439 5 743 89
1000000100110011 3 7 3 3 7 3 3 5 3
1000000100110101 11 277 3 10453 15791 3 89 23 3
1000000101000101 3 127 7 3 5 1783 3 641 59
1000000101001011 3 17 3 3 7 3 3 5 3
1000000101010001 3 7 13 3 5 5 3 73 7
1000000101100011 3 37 3 3 7 3 3 5 3
1000000101101001 3 7 3 3 7 3 3 5 3
1000000101110101 3 7 13 3 31 43 3 73 7
1000000110000111 3 13 3 3 7 3 3 5 3
1000000110001101 3 19 3 3 7 3 3 5 3
1000000110011111 3 37 5 3 7 367 3 5 11
1000000111111001 3 7 5 3 7 13 3 5 7
1000000111111011 5 23 3 11 13619 3 61 307 3
1000000111111111 3 263 5 3 5 523 3 5 11
1000001000001011 3 17 67 3 5 13 3 13 1301
1000001000001111 5 5 3 7 37 3 5 23 3
1000001000010011 7 5 163 37 5 23 5 7 17
1000001000010111 3 11 3 3 7 3 3 5 3
1000001001000001 3 5 5 3 7 5 3 5 7
1000001001011101 23 17 239 41 3001 11 7 23 23
1000001001100111 7 5 1609 59 5101 2161 5 7 23
1000001001101011 3 7 13 3 31 43 3 47 7
1000001001111001 127 1093 11 37 11 29 7 547 239
